[2010-12-22 17-39-36] PHP Fatal error: Uncaught exception Nette\Templates\LatteException with message 'Unexpected macro {/if}, expecting {/foreach} in .../Default/default.latte:16' in /Users/simekadam/Sites/SugarBook/libs/Nette/Templates/Filters/LatteMacros.php:318  @  http://adamsimek.com/SugarBook/document_root/default/
[2010-12-22 17-39-41] PHP Fatal error: Uncaught exception Nette\Templates\LatteException with message 'Unexpected macro {/if}, expecting {/foreach} in .../Default/default.latte:16' in /Users/simekadam/Sites/SugarBook/libs/Nette/Templates/Filters/LatteMacros.php:318  @  http://adamsimek.com/SugarBook/document_root/default/
[2010-12-22 17-39-51] PHP Fatal error: Uncaught exception Nette\Templates\LatteException with message 'Unexpected macro {/if}, expecting {/foreach} in .../Default/default.latte:16' in /Users/simekadam/Sites/SugarBook/libs/Nette/Templates/Filters/LatteMacros.php:318  @  http://adamsimek.com/SugarBook/document_root/default/
[2010-12-22 17-42-58] PHP Fatal error: Uncaught exception Nette\Templates\LatteException with message 'Unexpected macro {/if}, expecting {/foreach} in .../Default/default.latte:16' in /Users/simekadam/Sites/SugarBook/libs/Nette/Templates/Filters/LatteMacros.php:318  @  http://adamsimek.com/SugarBook/document_root/default/
[2010-12-22 17-43-02] PHP Fatal error: Uncaught exception Nette\Templates\LatteException with message 'Unexpected macro {/if}, expecting {/foreach} in .../Default/default.latte:16' in /Users/simekadam/Sites/SugarBook/libs/Nette/Templates/Filters/LatteMacros.php:318  @  http://adamsimek.com/SugarBook/document_root/default/
[2010-12-22 17-49-28] PHP Fatal error: Uncaught exception Nette\Templates\LatteException with message 'Unexpected macro {/if}, expecting {/foreach} in .../Default/default.latte:17' in /Users/simekadam/Sites/SugarBook/libs/Nette/Templates/Filters/LatteMacros.php:318  @  http://adamsimek.com/SugarBook/document_root/default/
[2010-12-22 17-50-41] PHP Fatal error: Uncaught exception Nette\Templates\LatteException with message 'Unexpected macro {/if}, expecting {/foreach} in .../Default/default.latte:17' in /Users/simekadam/Sites/SugarBook/libs/Nette/Templates/Filters/LatteMacros.php:318  @  http://adamsimek.com/SugarBook/document_root/default/
[2010-12-22 17-53-10] PHP Fatal error: Uncaught exception Nette\Templates\LatteException with message 'Unexpected macro {/if}, expecting {/foreach} in .../Default/default.latte:17' in /Users/simekadam/Sites/SugarBook/libs/Nette/Templates/Filters/LatteMacros.php:318  @  http://adamsimek.com/SugarBook/document_root/default/
[2010-12-22 17-53-14] PHP Fatal error: Uncaught exception Nette\Templates\LatteException with message 'Unexpected macro {/if}, expecting {/foreach} in .../Default/default.latte:17' in /Users/simekadam/Sites/SugarBook/libs/Nette/Templates/Filters/LatteMacros.php:318  @  http://adamsimek.com/SugarBook/document_root/default/
[2010-12-22 17-53-17] PHP Fatal error: Uncaught exception Nette\Templates\LatteException with message 'Unexpected macro {/if}, expecting {/foreach} in .../Default/default.latte:17' in /Users/simekadam/Sites/SugarBook/libs/Nette/Templates/Filters/LatteMacros.php:318  @  http://adamsimek.com/SugarBook/document_root/default/
[2010-12-22 17-53-45] PHP Fatal error: Uncaught exception Nette\Templates\LatteException with message 'Unexpected macro {/if}, expecting {/foreach} in .../Default/default.latte:17' in /Users/simekadam/Sites/SugarBook/libs/Nette/Templates/Filters/LatteMacros.php:318  @  http://adamsimek.com/SugarBook/document_root/default/
[2010-12-22 17-53-48] PHP Fatal error: Uncaught exception Nette\Templates\LatteException with message 'Unexpected macro {/if}, expecting {/foreach} in .../Default/default.latte:17' in /Users/simekadam/Sites/SugarBook/libs/Nette/Templates/Filters/LatteMacros.php:318  @  http://adamsimek.com/SugarBook/document_root/default/
[2010-12-22 17-53-51] PHP Fatal error: Uncaught exception Nette\Templates\LatteException with message 'Unexpected macro {/if}, expecting {/foreach} in .../Default/default.latte:17' in /Users/simekadam/Sites/SugarBook/libs/Nette/Templates/Filters/LatteMacros.php:318  @  http://adamsimek.com/SugarBook/document_root/default/
[2010-12-22 17-54-14] PHP Fatal error: Uncaught exception Nette\Templates\LatteException with message 'Unexpected macro {/if}, expecting {/foreach} in .../Default/default.latte:17' in /Users/simekadam/Sites/SugarBook/libs/Nette/Templates/Filters/LatteMacros.php:318  @  http://adamsimek.com/SugarBook/document_root/default/
[2010-12-22 17-54-31] PHP Fatal error: Uncaught exception Nette\Templates\LatteException with message 'Unexpected macro {/if}, expecting {/foreach} in .../Default/default.latte:17' in /Users/simekadam/Sites/SugarBook/libs/Nette/Templates/Filters/LatteMacros.php:318  @  http://adamsimek.com/SugarBook/document_root/default/
[2010-12-22 17-55-27] PHP Fatal error: Uncaught exception Nette\Templates\LatteException with message 'Unexpected macro {/if}, expecting {/foreach} in .../Default/default.latte:17' in /Users/simekadam/Sites/SugarBook/libs/Nette/Templates/Filters/LatteMacros.php:318  @  http://adamsimek.com/SugarBook/document_root/default/
[2010-12-22 17-55-33] PHP Fatal error: Uncaught exception Nette\Templates\LatteException with message 'Unexpected macro {/if}, expecting {/foreach} in .../Default/default.latte:17' in /Users/simekadam/Sites/SugarBook/libs/Nette/Templates/Filters/LatteMacros.php:318  @  http://adamsimek.com/SugarBook/document_root/default/
[2010-12-22 17-57-23] PHP Fatal error: Uncaught exception Nette\Templates\LatteException with message 'Unexpected macro {/if}, expecting {/foreach} in .../Default/default.latte:17' in /Users/simekadam/Sites/SugarBook/libs/Nette/Templates/Filters/LatteMacros.php:318  @  http://adamsimek.com/SugarBook/document_root/default/
[2010-12-22 17-57-49] PHP Fatal error: Uncaught exception Nette\Templates\LatteException with message 'Unexpected macro {/if}, expecting {/foreach} in .../Default/default.latte:17' in /Users/simekadam/Sites/SugarBook/libs/Nette/Templates/Filters/LatteMacros.php:318  @  http://adamsimek.com/SugarBook/document_root/default/
[2010-12-22 17-59-55] PHP Fatal error: Uncaught exception Nette\Templates\LatteException with message 'Unexpected macro {/block}, expecting {/snippet} in .../Default/default.latte:18' in /Users/simekadam/Sites/SugarBook/libs/Nette/Templates/Filters/LatteMacros.php:318  @  http://adamsimek.com/SugarBook/document_root/default/
[2010-12-22 18-02-18] PHP Fatal error: Uncaught exception Nette\Templates\LatteException with message 'Unknown macro {count $status['likes']} in .../Default/default.latte:14' in /Users/simekadam/Sites/SugarBook/libs/Nette/Templates/Filters/LatteFilter.php:147  @  http://adamsimek.com/SugarBook/document_root/default/
[2010-12-22 19-56-26] PHP Fatal error: Cannot use [] for reading in /Users/simekadam/Sites/SugarBook/temp/cache/_Nette.FileTemplate/_Default.default.latte-9aff9a1cf0fbae3b53483151e926e359.php:31  @  http://adamsimek.com/SugarBook/document_root/
[2010-12-22 19-56-32] PHP Fatal error: Cannot use [] for reading in /Users/simekadam/Sites/SugarBook/temp/cache/_Nette.FileTemplate/_Default.default.latte-9aff9a1cf0fbae3b53483151e926e359.php:31  @  http://adamsimek.com/SugarBook/document_root/
[2010-12-22 22-10-31] PHP Fatal error: Uncaught exception FacebookApiException with message 'Unsupported post request.' in /Users/simekadam/Sites/SugarBook/libs/facebook_sdk/facebook.php:543  @  http://adamsimek.com/SugarBook/document_root/default/like/126421467422691
[2010-12-22 22-10-47] PHP Fatal error: Uncaught exception FacebookApiException with message 'Unsupported post request.' in /Users/simekadam/Sites/SugarBook/libs/facebook_sdk/facebook.php:543  @  http://adamsimek.com/SugarBook/document_root/default/like/176013162428046
[2010-12-22 22-11-20] PHP Fatal error: Uncaught exception FacebookApiException with message 'Unsupported post request.' in /Users/simekadam/Sites/SugarBook/libs/facebook_sdk/facebook.php:543  @  http://adamsimek.com/SugarBook/document_root/default/like/176013162428046
[2010-12-22 22-47-20] PHP Fatal error: Uncaught exception FacebookApiException with message 'Unsupported post request.' in /Users/simekadam/Sites/SugarBook/libs/facebook_sdk/facebook.php:543  @  http://adamsimek.com/SugarBook/document_root/default/like/126421467422691
[2010-12-22 22-48-20] PHP Fatal error: Uncaught exception FacebookApiException with message 'Unsupported post request.' in /Users/simekadam/Sites/SugarBook/libs/facebook_sdk/facebook.php:543  @  http://adamsimek.com/SugarBook/document_root/default/like/126421467422691
[2010-12-22 22-49-45] PHP Fatal error: Uncaught exception FacebookApiException with message 'Unsupported post request.' in /Users/simekadam/Sites/SugarBook/libs/facebook_sdk/facebook.php:543  @  http://adamsimek.com/SugarBook/document_root/default/like/126421467422691
[2010-12-22 22-50-31] PHP Fatal error: Uncaught exception FacebookApiException with message 'Unsupported post request.' in /Users/simekadam/Sites/SugarBook/libs/facebook_sdk/facebook.php:543  @  http://adamsimek.com/SugarBook/document_root/default/like/126421467422691
[2010-12-22 22-50-52] PHP Fatal error: Uncaught exception FacebookApiException with message 'Unsupported post request.' in /Users/simekadam/Sites/SugarBook/libs/facebook_sdk/facebook.php:543  @  http://adamsimek.com/SugarBook/document_root/default/like/126421467422691
[2010-12-22 22-51-25] PHP Fatal error: Uncaught exception FacebookApiException with message 'Unsupported post request.' in /Users/simekadam/Sites/SugarBook/libs/facebook_sdk/facebook.php:543  @  http://adamsimek.com/SugarBook/document_root/default/like/126421467422691
[2010-12-22 22-51-27] PHP Fatal error: Uncaught exception FacebookApiException with message 'Unsupported post request.' in /Users/simekadam/Sites/SugarBook/libs/facebook_sdk/facebook.php:543  @  http://adamsimek.com/SugarBook/document_root/default/like/126421467422691
[2010-12-22 22-51-31] PHP Fatal error: Uncaught exception FacebookApiException with message 'Unsupported post request.' in /Users/simekadam/Sites/SugarBook/libs/facebook_sdk/facebook.php:543  @  http://adamsimek.com/SugarBook/document_root/default/like/126421467422691
[2010-12-22 23-00-57] PHP Fatal error: Uncaught exception FacebookApiException with message 'Unsupported post request.' in /Users/simekadam/Sites/SugarBook/libs/facebook_sdk/facebook.php:543  @  http://adamsimek.com/SugarBook/document_root/default/like/126421467422691
[2010-12-23 07-47-05] PHP Fatal error: Uncaught exception FacebookApiException with message 'Unsupported post request.' in /Users/simekadam/Sites/SugarBook/libs/facebook_sdk/facebook.php:543  @  http://adamsimek.com/SugarBook/document_root/default/default/176013162428046?do=like
[2010-12-23 07-47-10] PHP Fatal error: Uncaught exception FacebookApiException with message 'Unsupported post request.' in /Users/simekadam/Sites/SugarBook/libs/facebook_sdk/facebook.php:543  @  http://adamsimek.com/SugarBook/document_root/default/default/176013162428046?do=like
[2010-12-23 20-13-10] PHP Fatal error: Uncaught exception InvalidStateException with message 'session_start(): open(/Users/simekadam/Sites/SugarBook/document_root/../app/sessions//sess_8bq99bkikf80ednnlq8rdgnsr6, O_RDWR) failed: No such file or directory (2)' in /Users/simekadam/Sites/SugarBook/libs/Nette/Web/Session.php:79  @  http://adamsimek.com/SugarBook/document_root/
[2010-12-23 22-13-12] PHP Fatal error: Uncaught exception FacebookApiException with message 'Unsupported post request.' in /Users/simekadam/Sites/SugarBook/libs/facebook_sdk/facebook.php:543  @  http://adamsimek.com/SugarBook/document_root/default/default/165319090172541?do=like
[2010-12-24 15-03-20] PHP Fatal error: Uncaught exception FacebookApiException with message '(#100) The parameter url is required' in /Users/simekadam/Sites/SugarBook/libs/facebook_sdk/facebook.php:543  @  http://adamsimek.com/SugarBook/document_root/default/default/174608509237816?do=like
[2010-12-24 15-03-42] PHP Fatal error: Uncaught exception FacebookApiException with message '(#100) The parameter url is required' in /Users/simekadam/Sites/SugarBook/libs/facebook_sdk/facebook.php:543  @  http://adamsimek.com/SugarBook/document_root/default/default/174608509237816?do=like
[2010-12-24 15-04-36] PHP Fatal error: Uncaught exception FacebookApiException with message '(#100) The parameter url is required' in /Users/simekadam/Sites/SugarBook/libs/facebook_sdk/facebook.php:543  @  http://adamsimek.com/SugarBook/document_root/default/default/174608509237816?do=like
[2010-12-24 17-27-34] PHP Fatal error: Uncaught exception FacebookApiException with message '(#100) The parameter url is required' in /Users/simekadam/Sites/SugarBook/libs/facebook_sdk/facebook.php:543  @  http://adamsimek.com/SugarBook/document_root/default/default/174608509237816?do=like
[2010-12-27 07-17-43] PHP Fatal error: Uncaught exception FacebookApiException with message '(#100) The parameter url is required' in /Users/simekadam/Sites/SugarBook/libs/facebook_sdk/facebook.php:543  @  http://adamsimek.com/SugarBook/document_root/default/default/137924592933057?do=like
[2010-12-27 07-18-17] PHP Fatal error: Uncaught exception FacebookApiException with message '(#100) The parameter url is required' in /Users/simekadam/Sites/SugarBook/libs/facebook_sdk/facebook.php:543  @  http://adamsimek.com/SugarBook/document_root/default/default/174608509237816?do=like
[2010-12-27 07-18-39] PHP Fatal error: Uncaught exception FacebookApiException with message '(#100) The parameter url is required' in /Users/simekadam/Sites/SugarBook/libs/facebook_sdk/facebook.php:543  @  http://adamsimek.com/SugarBook/document_root/default/default/174608509237816?do=like
[2010-12-27 07-19-18] PHP Fatal error: Uncaught exception FacebookApiException with message '(#100) The parameter url is required' in /Users/simekadam/Sites/SugarBook/libs/facebook_sdk/facebook.php:543  @  http://adamsimek.com/SugarBook/document_root/default/default/176013162428046?do=like
[2010-12-27 07-20-42] PHP Fatal error: Uncaught exception FacebookApiException with message '(#100) The parameter url is required' in /Users/simekadam/Sites/SugarBook/libs/facebook_sdk/facebook.php:543  @  http://adamsimek.com/SugarBook/document_root/default/default/174608509237816?do=like
[2010-12-27 07-21-06] PHP Fatal error: Uncaught exception FacebookApiException with message '(#100) The parameter url is required' in /Users/simekadam/Sites/SugarBook/libs/facebook_sdk/facebook.php:543  @  http://adamsimek.com/SugarBook/document_root/default/default/174608509237816?do=like
[2010-12-27 07-21-16] PHP Fatal error: Uncaught exception FacebookApiException with message '(#100) The parameter url is required' in /Users/simekadam/Sites/SugarBook/libs/facebook_sdk/facebook.php:543  @  http://adamsimek.com/SugarBook/document_root/default/default/154808201233641?do=like
[2010-12-27 07-23-51] PHP Fatal error: Uncaught exception FacebookApiException with message '(#100) The parameter url is required' in /Users/simekadam/Sites/SugarBook/libs/facebook_sdk/facebook.php:543  @  http://adamsimek.com/SugarBook/document_root/default/default/174608509237816?do=like
[2010-12-27 07-24-52] PHP Fatal error: Uncaught exception FacebookApiException with message '(#100) The parameter url is required' in /Users/simekadam/Sites/SugarBook/libs/facebook_sdk/facebook.php:543  @  http://adamsimek.com/SugarBook/document_root/default/default/174608509237816?do=like
[2010-12-27 07-27-05] PHP Fatal error: Uncaught exception FacebookApiException with message '(#100) The parameter url is required' in /Users/simekadam/Sites/SugarBook/libs/facebook_sdk/facebook.php:543  @  http://adamsimek.com/SugarBook/document_root/default/default/174608509237816?do=like
[2010-12-27 07-28-32] PHP Fatal error: Uncaught exception FacebookApiException with message '(#100) The parameter url is required' in /Users/simekadam/Sites/SugarBook/libs/facebook_sdk/facebook.php:543  @  http://adamsimek.com/SugarBook/document_root/default/default/174608509237816?do=like
[2010-12-27 07-29-12] PHP Fatal error: Uncaught exception FacebookApiException with message '(#100) The parameter url is required' in /Users/simekadam/Sites/SugarBook/libs/facebook_sdk/facebook.php:543  @  http://adamsimek.com/SugarBook/document_root/default/default/174608509237816?do=like
[2010-12-27 07-33-58] PHP Fatal error: Uncaught exception FacebookApiException with message '(#100) The parameter url is required' in /Users/simekadam/Sites/SugarBook/libs/facebook_sdk/facebook.php:543  @  http://adamsimek.com/SugarBook/document_root/default/default/174608509237816?do=like
[2010-12-27 07-35-22] PHP Fatal error: Uncaught exception FacebookApiException with message '(#100) The parameter url is required' in /Users/simekadam/Sites/SugarBook/libs/facebook_sdk/facebook.php:543  @  http://adamsimek.com/SugarBook/document_root/default/default/174608509237816?do=like
[2010-12-27 07-35-45] PHP Fatal error: Uncaught exception FacebookApiException with message '(#100) The parameter url is required' in /Users/simekadam/Sites/SugarBook/libs/facebook_sdk/facebook.php:543  @  http://adamsimek.com/SugarBook/document_root/default/default/154808201233641?do=like
[2010-12-27 07-36-45] PHP Fatal error: Uncaught exception FacebookApiException with message '(#100) The parameter url is required' in /Users/simekadam/Sites/SugarBook/libs/facebook_sdk/facebook.php:543  @  http://adamsimek.com/SugarBook/document_root/default/default/174608509237816?do=like
